<?xml version="1.0" encoding="UTF-8"?>
<testng-results ignored="0" total="1" passed="1" failed="0" skipped="0">
  <reporter-output>
  </reporter-output>
  <suite started-at="2021-07-21T19:49:00 IST" name="Default suite" finished-at="2021-07-21T19:49:04 IST" duration-ms="4260">
    <groups>
    </groups>
    <test started-at="2021-07-21T19:49:00 IST" name="Default test" finished-at="2021-07-21T19:49:04 IST" duration-ms="4260">
      <class name="com.PWC.rmgyantra.scripts.AddProjectwithCompletedStatus">
        <test-method is-config="true" signature="configBS()[pri:0, instance:com.PWC.rmgyantra.scripts.AddProjectwithCompletedStatus@5fbdfdcf]" started-at="2021-07-21T19:48:59 IST" name="configBS" finished-at="2021-07-21T19:49:00 IST" duration-ms="732" status="PASS">
          <reporter-output>
          </reporter-output>
        </test-method> <!-- configBS -->
        <test-method signature="Completedstatus()[pri:0, instance:com.PWC.rmgyantra.scripts.AddProjectwithCompletedStatus@5fbdfdcf]" started-at="2021-07-21T19:49:00 IST" name="Completedstatus" finished-at="2021-07-21T19:49:04 IST" duration-ms="4221" status="PASS">
          <reporter-output>
          </reporter-output>
        </test-method> <!-- Completedstatus -->
        <test-method is-config="true" signature="ConfigAS()[pri:0, instance:com.PWC.rmgyantra.scripts.AddProjectwithCompletedStatus@5fbdfdcf]" started-at="2021-07-21T19:49:04 IST" name="ConfigAS" finished-at="2021-07-21T19:49:04 IST" duration-ms="5" status="PASS">
          <reporter-output>
          </reporter-output>
        </test-method> <!-- ConfigAS -->
      </class> <!-- com.PWC.rmgyantra.scripts.AddProjectwithCompletedStatus -->
    </test> <!-- Default test -->
  </suite> <!-- Default suite -->
</testng-results>
